<?xml version="1.0" encoding="UTF-8" ?>
<testsuite errors="0" failures="0" hostname="Lenovo-PC" name="com.springsecure.UserControllerSpec" tests="4" time="0.199" timestamp="2014-12-24T17:25:37">
  <properties />
  <testcase classname="com.springsecure.UserControllerSpec" name="Test the index action returns the correct model" time="0.143" />
  <testcase classname="com.springsecure.UserControllerSpec" name="Test the create action returns the correct model" time="0.012" />
  <testcase classname="com.springsecure.UserControllerSpec" name="Test that the show action returns the correct model" time="0.022" />
  <testcase classname="com.springsecure.UserControllerSpec" name="Test that the edit action returns the correct model" time="0.015" />
  <system-out><![CDATA[--Output from Test the index action returns the correct model--
--Output from Test the create action returns the correct model--
--Output from Test that the show action returns the correct model--
--Output from Test that the edit action returns the correct model--
]]></system-out>
  <system-err><![CDATA[--Output from Test the index action returns the correct model--
--Output from Test the create action returns the correct model--
--Output from Test that the show action returns the correct model--
--Output from Test that the edit action returns the correct model--
]]></system-err>
</testsuite>
