<?xml version="1.0" encoding="UTF-8" ?>
<testsuite errors="0" failures="0" hostname="Lenovo-PC" name="com.freezers.ShelfControllerSpec" tests="5" time="0.459" timestamp="2014-12-24T17:25:36">
  <properties />
  <testcase classname="com.freezers.ShelfControllerSpec" name="Test the index action returns the correct model" time="0.169" />
  <testcase classname="com.freezers.ShelfControllerSpec" name="Test the create action returns the correct model" time="0.017" />
  <testcase classname="com.freezers.ShelfControllerSpec" name="Test that the show action returns the correct model" time="0.017" />
  <testcase classname="com.freezers.ShelfControllerSpec" name="Test that the edit action returns the correct model" time="0.019" />
  <testcase classname="com.freezers.ShelfControllerSpec" name="Test the update action performs an update on a valid domain instance" time="0.224" />
  <system-out><![CDATA[--Output from Test the index action returns the correct model--
--Output from Test the create action returns the correct model--
--Output from Test that the show action returns the correct model--
--Output from Test that the edit action returns the correct model--
--Output from Test the update action performs an update on a valid domain instance--
]]></system-out>
  <system-err><![CDATA[--Output from Test the index action returns the correct model--
--Output from Test the create action returns the correct model--
--Output from Test that the show action returns the correct model--
--Output from Test that the edit action returns the correct model--
--Output from Test the update action performs an update on a valid domain instance--
]]></system-err>
</testsuite>
