<?xml version="1.0" encoding="UTF-8" ?>
<testsuite errors="0" failures="0" hostname="Lenovo-PC" name="com.freezers.FreezerControllerSpec" tests="4" time="1.851" timestamp="2014-12-24T17:25:34">
  <properties />
  <testcase classname="com.freezers.FreezerControllerSpec" name="Test the index action returns the correct model" time="1.777" />
  <testcase classname="com.freezers.FreezerControllerSpec" name="Test the create action returns the correct model" time="0.029" />
  <testcase classname="com.freezers.FreezerControllerSpec" name="Test that the show action returns the correct model" time="0.019" />
  <testcase classname="com.freezers.FreezerControllerSpec" name="Test that the edit action returns the correct model" time="0.016" />
  <system-out><![CDATA[--Output from Test the index action returns the correct model--
--Output from Test the create action returns the correct model--
--Output from Test that the show action returns the correct model--
--Output from Test that the edit action returns the correct model--
]]></system-out>
  <system-err><![CDATA[--Output from Test the index action returns the correct model--
--Output from Test the create action returns the correct model--
--Output from Test that the show action returns the correct model--
--Output from Test that the edit action returns the correct model--
]]></system-err>
</testsuite>
