<?xml version="1.0" encoding="UTF-8" ?>
<testsuite errors="0" failures="0" hostname="Lenovo-PC" name="com.freezers.PlateControllerSpec" tests="4" time="0.322" timestamp="2014-12-24T17:25:36">
  <properties />
  <testcase classname="com.freezers.PlateControllerSpec" name="Test the index action returns the correct model" time="0.249" />
  <testcase classname="com.freezers.PlateControllerSpec" name="Test the create action returns the correct model" time="0.019" />
  <testcase classname="com.freezers.PlateControllerSpec" name="Test that the show action returns the correct model" time="0.022" />
  <testcase classname="com.freezers.PlateControllerSpec" name="Test that the edit action returns the correct model" time="0.02" />
  <system-out><![CDATA[--Output from Test the index action returns the correct model--
--Output from Test the create action returns the correct model--
--Output from Test that the show action returns the correct model--
--Output from Test that the edit action returns the correct model--
]]></system-out>
  <system-err><![CDATA[--Output from Test the index action returns the correct model--
--Output from Test the create action returns the correct model--
--Output from Test that the show action returns the correct model--
--Output from Test that the edit action returns the correct model--
]]></system-err>
</testsuite>
