<?xml version="1.0" encoding="UTF-8" ?>
<testsuite errors="0" failures="0" hostname="Lenovo-PC" name="com.springsecure.RoleControllerSpec" tests="5" time="0.27" timestamp="2014-12-24T17:25:37">
  <properties />
  <testcase classname="com.springsecure.RoleControllerSpec" name="Test the index action returns the correct model" time="0.137" />
  <testcase classname="com.springsecure.RoleControllerSpec" name="Test the create action returns the correct model" time="0.012" />
  <testcase classname="com.springsecure.RoleControllerSpec" name="Test that the show action returns the correct model" time="0.015" />
  <testcase classname="com.springsecure.RoleControllerSpec" name="Test that the edit action returns the correct model" time="0.012" />
  <testcase classname="com.springsecure.RoleControllerSpec" name="Test the update action performs an update on a valid domain instance" time="0.079" />
  <system-out><![CDATA[--Output from Test the index action returns the correct model--
--Output from Test the create action returns the correct model--
--Output from Test that the show action returns the correct model--
--Output from Test that the edit action returns the correct model--
--Output from Test the update action performs an update on a valid domain instance--
]]></system-out>
  <system-err><![CDATA[--Output from Test the index action returns the correct model--
--Output from Test the create action returns the correct model--
--Output from Test that the show action returns the correct model--
--Output from Test that the edit action returns the correct model--
--Output from Test the update action performs an update on a valid domain instance--
]]></system-err>
</testsuite>
