<?xml version="1.0" encoding="UTF-8" ?>
<testsuite errors="0" failures="0" hostname="Lenovo-PC" name="com.freezers.RackControllerSpec" tests="4" time="0.234" timestamp="2014-12-24T17:25:36">
  <properties />
  <testcase classname="com.freezers.RackControllerSpec" name="Test the index action returns the correct model" time="0.16" />
  <testcase classname="com.freezers.RackControllerSpec" name="Test the create action returns the correct model" time="0.017" />
  <testcase classname="com.freezers.RackControllerSpec" name="Test that the show action returns the correct model" time="0.026" />
  <testcase classname="com.freezers.RackControllerSpec" name="Test that the edit action returns the correct model" time="0.017" />
  <system-out><![CDATA[--Output from Test the index action returns the correct model--
--Output from Test the create action returns the correct model--
--Output from Test that the show action returns the correct model--
--Output from Test that the edit action returns the correct model--
]]></system-out>
  <system-err><![CDATA[--Output from Test the index action returns the correct model--
--Output from Test the create action returns the correct model--
--Output from Test that the show action returns the correct model--
--Output from Test that the edit action returns the correct model--
]]></system-err>
</testsuite>
