<?xml version="1.0" encoding="UTF-8" ?>
<testsuite errors="0" failures="0" hostname="Lenovo-PC" name="com.nerds.NerdControllerSpec" tests="6" time="4.585" timestamp="2014-12-24T03:12:06">
  <properties />
  <testcase classname="com.nerds.NerdControllerSpec" name="Test the index action returns the correct model" time="3.924" />
  <testcase classname="com.nerds.NerdControllerSpec" name="Test the create action returns the correct model" time="0.083" />
  <testcase classname="com.nerds.NerdControllerSpec" name="Test the save action correctly persists an instance" time="0.369" />
  <testcase classname="com.nerds.NerdControllerSpec" name="Test that the show action returns the correct model" time="0.031" />
  <testcase classname="com.nerds.NerdControllerSpec" name="Test that the edit action returns the correct model" time="0.028" />
  <testcase classname="com.nerds.NerdControllerSpec" name="Test the update action performs an update on a valid domain instance" time="0.111" />
  <system-out><![CDATA[--Output from Test the index action returns the correct model--
--Output from Test the create action returns the correct model--
--Output from Test the save action correctly persists an instance--
--Output from Test that the show action returns the correct model--
--Output from Test that the edit action returns the correct model--
--Output from Test the update action performs an update on a valid domain instance--
]]></system-out>
  <system-err><![CDATA[--Output from Test the index action returns the correct model--
--Output from Test the create action returns the correct model--
--Output from Test the save action correctly persists an instance--
--Output from Test that the show action returns the correct model--
--Output from Test that the edit action returns the correct model--
--Output from Test the update action performs an update on a valid domain instance--
]]></system-err>
</testsuite>
